[Sat, 06 Jun 15 14:59:34 +0800][INFO] SELECT IF(COUNT(*)>0, 1 , 0) FROM `INFORMATION_SCHEMA`.`TABLES` WHERE `TABLE_NAME`='cwp_blogcat'
[Sat, 06 Jun 15 14:59:35 +0800][INFO] DESCRIBE `cwp_blogcat`
[Sat, 06 Jun 15 14:59:35 +0800][INFO] SELECT `cwp_blogcat`.`id`, `cwp_blogcat`.`pid`, `cwp_blogcat`.`name`, `cwp_blogcat`.`rank`, `cwp_blogcat`.`depth`, `cwp_blogcat`.`ctime` FROM `cwp_blogcat`
[Sat, 06 Jun 15 14:59:35 +0800][INFO] SELECT IF(COUNT(*)>0, 1 , 0) FROM `INFORMATION_SCHEMA`.`TABLES` WHERE `TABLE_NAME`='cwp_blog'
[Sat, 06 Jun 15 14:59:35 +0800][INFO] DESCRIBE `cwp_blog`
[Sat, 06 Jun 15 14:59:35 +0800][INFO] SELECT `cwp_blog`.`id`, `cwp_blog`.`category_id`, `cwp_blog`.`user_id`, `cwp_blog`.`title`, `cwp_blog`.`guide`, `cwp_blog`.`cover`, `cwp_blog`.`content`, `cwp_blog`.`keywords`, `cwp_blog`.`description`, `cwp_blog`.`ctime`, `cwp_blog`.`updatetime`, `cwp_blog`.`hits` FROM `cwp_blog`
[Sat, 06 Jun 15 14:59:35 +0800][INFO] SELECT `cwp_blogcat`.`id`, `cwp_blogcat`.`pid`, `cwp_blogcat`.`name`, `cwp_blogcat`.`rank`, `cwp_blogcat`.`depth`, `cwp_blogcat`.`ctime` FROM `cwp_blogcat` WHERE `cwp_blogcat`.`id` = :0 LIMIT 1
[Sat, 06 Jun 15 14:59:35 +0800][INFO] SELECT `cwp_blogcat`.`id`, `cwp_blogcat`.`pid`, `cwp_blogcat`.`name`, `cwp_blogcat`.`rank`, `cwp_blogcat`.`depth`, `cwp_blogcat`.`ctime` FROM `cwp_blogcat` WHERE `cwp_blogcat`.`id` = :0 LIMIT 1
[Sat, 06 Jun 15 14:59:35 +0800][INFO] SELECT `cwp_blogcat`.`id`, `cwp_blogcat`.`pid`, `cwp_blogcat`.`name`, `cwp_blogcat`.`rank`, `cwp_blogcat`.`depth`, `cwp_blogcat`.`ctime` FROM `cwp_blogcat` WHERE `cwp_blogcat`.`id` = :0 LIMIT 1
[Sat, 06 Jun 15 14:59:35 +0800][INFO] SELECT `cwp_blogcat`.`id`, `cwp_blogcat`.`pid`, `cwp_blogcat`.`name`, `cwp_blogcat`.`rank`, `cwp_blogcat`.`depth`, `cwp_blogcat`.`ctime` FROM `cwp_blogcat` WHERE `cwp_blogcat`.`id` = :0 LIMIT 1
[Sat, 06 Jun 15 14:59:35 +0800][INFO] SELECT `cwp_blogcat`.`id`, `cwp_blogcat`.`pid`, `cwp_blogcat`.`name`, `cwp_blogcat`.`rank`, `cwp_blogcat`.`depth`, `cwp_blogcat`.`ctime` FROM `cwp_blogcat` WHERE `cwp_blogcat`.`id` = :0 LIMIT 1
[Sat, 06 Jun 15 14:59:35 +0800][INFO] SELECT `cwp_blogcat`.`id`, `cwp_blogcat`.`pid`, `cwp_blogcat`.`name`, `cwp_blogcat`.`rank`, `cwp_blogcat`.`depth`, `cwp_blogcat`.`ctime` FROM `cwp_blogcat` WHERE `cwp_blogcat`.`id` = :0 LIMIT 1
[Sat, 06 Jun 15 14:59:35 +0800][INFO] SELECT `cwp_blogcat`.`id`, `cwp_blogcat`.`pid`, `cwp_blogcat`.`name`, `cwp_blogcat`.`rank`, `cwp_blogcat`.`depth`, `cwp_blogcat`.`ctime` FROM `cwp_blogcat` WHERE `cwp_blogcat`.`id` = :0 LIMIT 1
[Sat, 06 Jun 15 14:59:35 +0800][INFO] SELECT `cwp_blogcat`.`id`, `cwp_blogcat`.`pid`, `cwp_blogcat`.`name`, `cwp_blogcat`.`rank`, `cwp_blogcat`.`depth`, `cwp_blogcat`.`ctime` FROM `cwp_blogcat` WHERE `cwp_blogcat`.`id` = :0 LIMIT 1
[Sat, 06 Jun 15 14:59:35 +0800][INFO] SELECT `cwp_blogcat`.`id`, `cwp_blogcat`.`pid`, `cwp_blogcat`.`name`, `cwp_blogcat`.`rank`, `cwp_blogcat`.`depth`, `cwp_blogcat`.`ctime` FROM `cwp_blogcat` WHERE `cwp_blogcat`.`id` = :0 LIMIT 1
[Sat, 06 Jun 15 14:59:35 +0800][INFO] SELECT `cwp_blogcat`.`id`, `cwp_blogcat`.`pid`, `cwp_blogcat`.`name`, `cwp_blogcat`.`rank`, `cwp_blogcat`.`depth`, `cwp_blogcat`.`ctime` FROM `cwp_blogcat` WHERE `cwp_blogcat`.`id` = :0 LIMIT 1
[Sat, 06 Jun 15 14:59:35 +0800][INFO] SELECT `cwp_blogcat`.`id`, `cwp_blogcat`.`pid`, `cwp_blogcat`.`name`, `cwp_blogcat`.`rank`, `cwp_blogcat`.`depth`, `cwp_blogcat`.`ctime` FROM `cwp_blogcat` WHERE `cwp_blogcat`.`id` = :0 LIMIT 1
[Sat, 06 Jun 15 14:59:36 +0800][INFO] SELECT `cwp_blogcat`.`id`, `cwp_blogcat`.`pid`, `cwp_blogcat`.`name`, `cwp_blogcat`.`rank`, `cwp_blogcat`.`depth`, `cwp_blogcat`.`ctime` FROM `cwp_blogcat` WHERE `cwp_blogcat`.`id` = :0 LIMIT 1
[Sat, 06 Jun 15 14:59:36 +0800][INFO] SELECT `cwp_blogcat`.`id`, `cwp_blogcat`.`pid`, `cwp_blogcat`.`name`, `cwp_blogcat`.`rank`, `cwp_blogcat`.`depth`, `cwp_blogcat`.`ctime` FROM `cwp_blogcat` WHERE `cwp_blogcat`.`id` = :0 LIMIT 1
[Sat, 06 Jun 15 14:59:36 +0800][INFO] SELECT `cwp_blogcat`.`id`, `cwp_blogcat`.`pid`, `cwp_blogcat`.`name`, `cwp_blogcat`.`rank`, `cwp_blogcat`.`depth`, `cwp_blogcat`.`ctime` FROM `cwp_blogcat` WHERE `cwp_blogcat`.`id` = :0 LIMIT 1
[Sat, 06 Jun 15 14:59:36 +0800][INFO] SELECT `cwp_blogcat`.`id`, `cwp_blogcat`.`pid`, `cwp_blogcat`.`name`, `cwp_blogcat`.`rank`, `cwp_blogcat`.`depth`, `cwp_blogcat`.`ctime` FROM `cwp_blogcat` WHERE `cwp_blogcat`.`id` = :0 LIMIT 1
[Sat, 06 Jun 15 14:59:36 +0800][INFO] SELECT `cwp_blogcat`.`id`, `cwp_blogcat`.`pid`, `cwp_blogcat`.`name`, `cwp_blogcat`.`rank`, `cwp_blogcat`.`depth`, `cwp_blogcat`.`ctime` FROM `cwp_blogcat` WHERE `cwp_blogcat`.`id` = :0 LIMIT 1
[Sat, 06 Jun 15 14:59:36 +0800][INFO] SELECT `cwp_blogcat`.`id`, `cwp_blogcat`.`pid`, `cwp_blogcat`.`name`, `cwp_blogcat`.`rank`, `cwp_blogcat`.`depth`, `cwp_blogcat`.`ctime` FROM `cwp_blogcat` WHERE `cwp_blogcat`.`id` = :0 LIMIT 1
[Sat, 06 Jun 15 14:59:36 +0800][INFO] SELECT `cwp_blogcat`.`id`, `cwp_blogcat`.`pid`, `cwp_blogcat`.`name`, `cwp_blogcat`.`rank`, `cwp_blogcat`.`depth`, `cwp_blogcat`.`ctime` FROM `cwp_blogcat` WHERE `cwp_blogcat`.`id` = :0 LIMIT 1
[Sat, 06 Jun 15 14:59:36 +0800][INFO] SELECT `cwp_blogcat`.`id`, `cwp_blogcat`.`pid`, `cwp_blogcat`.`name`, `cwp_blogcat`.`rank`, `cwp_blogcat`.`depth`, `cwp_blogcat`.`ctime` FROM `cwp_blogcat` WHERE `cwp_blogcat`.`id` = :0 LIMIT 1
[Sat, 06 Jun 15 14:59:36 +0800][INFO] SELECT `cwp_blogcat`.`id`, `cwp_blogcat`.`pid`, `cwp_blogcat`.`name`, `cwp_blogcat`.`rank`, `cwp_blogcat`.`depth`, `cwp_blogcat`.`ctime` FROM `cwp_blogcat` WHERE `cwp_blogcat`.`id` = :0 LIMIT 1
[Sat, 06 Jun 15 14:59:36 +0800][INFO] SELECT `cwp_blogcat`.`id`, `cwp_blogcat`.`pid`, `cwp_blogcat`.`name`, `cwp_blogcat`.`rank`, `cwp_blogcat`.`depth`, `cwp_blogcat`.`ctime` FROM `cwp_blogcat` WHERE `cwp_blogcat`.`id` = :0 LIMIT 1
[Sat, 06 Jun 15 14:59:36 +0800][INFO] SELECT `cwp_blogcat`.`id`, `cwp_blogcat`.`pid`, `cwp_blogcat`.`name`, `cwp_blogcat`.`rank`, `cwp_blogcat`.`depth`, `cwp_blogcat`.`ctime` FROM `cwp_blogcat` WHERE `cwp_blogcat`.`id` = :0 LIMIT 1
[Sat, 06 Jun 15 14:59:36 +0800][INFO] SELECT `cwp_blogcat`.`id`, `cwp_blogcat`.`pid`, `cwp_blogcat`.`name`, `cwp_blogcat`.`rank`, `cwp_blogcat`.`depth`, `cwp_blogcat`.`ctime` FROM `cwp_blogcat` WHERE `cwp_blogcat`.`id` = :0 LIMIT 1
[Sat, 06 Jun 15 14:59:36 +0800][INFO] SELECT `cwp_blogcat`.`id`, `cwp_blogcat`.`pid`, `cwp_blogcat`.`name`, `cwp_blogcat`.`rank`, `cwp_blogcat`.`depth`, `cwp_blogcat`.`ctime` FROM `cwp_blogcat` WHERE `cwp_blogcat`.`id` = :0 LIMIT 1
[Sat, 06 Jun 15 14:59:36 +0800][INFO] SELECT `cwp_blogcat`.`id`, `cwp_blogcat`.`pid`, `cwp_blogcat`.`name`, `cwp_blogcat`.`rank`, `cwp_blogcat`.`depth`, `cwp_blogcat`.`ctime` FROM `cwp_blogcat` WHERE `cwp_blogcat`.`id` = :0 LIMIT 1
[Sat, 06 Jun 15 14:59:36 +0800][INFO] SELECT `cwp_blogcat`.`id`, `cwp_blogcat`.`pid`, `cwp_blogcat`.`name`, `cwp_blogcat`.`rank`, `cwp_blogcat`.`depth`, `cwp_blogcat`.`ctime` FROM `cwp_blogcat` WHERE `cwp_blogcat`.`id` = :0 LIMIT 1
[Sat, 06 Jun 15 14:59:36 +0800][INFO] SELECT `cwp_blogcat`.`id`, `cwp_blogcat`.`pid`, `cwp_blogcat`.`name`, `cwp_blogcat`.`rank`, `cwp_blogcat`.`depth`, `cwp_blogcat`.`ctime` FROM `cwp_blogcat` WHERE `cwp_blogcat`.`id` = :0 LIMIT 1
[Sat, 06 Jun 15 14:59:36 +0800][INFO] SELECT `cwp_blogcat`.`id`, `cwp_blogcat`.`pid`, `cwp_blogcat`.`name`, `cwp_blogcat`.`rank`, `cwp_blogcat`.`depth`, `cwp_blogcat`.`ctime` FROM `cwp_blogcat` WHERE `cwp_blogcat`.`id` = :0 LIMIT 1
[Sat, 06 Jun 15 14:59:36 +0800][INFO] SELECT `cwp_blogcat`.`id`, `cwp_blogcat`.`pid`, `cwp_blogcat`.`name`, `cwp_blogcat`.`rank`, `cwp_blogcat`.`depth`, `cwp_blogcat`.`ctime` FROM `cwp_blogcat` WHERE `cwp_blogcat`.`id` = :0 LIMIT 1
[Sat, 06 Jun 15 14:59:36 +0800][INFO] SELECT `cwp_blogcat`.`id`, `cwp_blogcat`.`pid`, `cwp_blogcat`.`name`, `cwp_blogcat`.`rank`, `cwp_blogcat`.`depth`, `cwp_blogcat`.`ctime` FROM `cwp_blogcat` WHERE `cwp_blogcat`.`id` = :0 LIMIT 1
[Sat, 06 Jun 15 14:59:36 +0800][INFO] SELECT `cwp_blogcat`.`id`, `cwp_blogcat`.`pid`, `cwp_blogcat`.`name`, `cwp_blogcat`.`rank`, `cwp_blogcat`.`depth`, `cwp_blogcat`.`ctime` FROM `cwp_blogcat` WHERE `cwp_blogcat`.`id` = :0 LIMIT 1
[Sat, 06 Jun 15 14:59:36 +0800][INFO] SELECT `cwp_blogcat`.`id`, `cwp_blogcat`.`pid`, `cwp_blogcat`.`name`, `cwp_blogcat`.`rank`, `cwp_blogcat`.`depth`, `cwp_blogcat`.`ctime` FROM `cwp_blogcat` WHERE `cwp_blogcat`.`id` = :0 LIMIT 1
[Sat, 06 Jun 15 14:59:36 +0800][INFO] SELECT `cwp_blogcat`.`id`, `cwp_blogcat`.`pid`, `cwp_blogcat`.`name`, `cwp_blogcat`.`rank`, `cwp_blogcat`.`depth`, `cwp_blogcat`.`ctime` FROM `cwp_blogcat` WHERE `cwp_blogcat`.`id` = :0 LIMIT 1
[Sat, 06 Jun 15 14:59:36 +0800][INFO] SELECT `cwp_blogcat`.`id`, `cwp_blogcat`.`pid`, `cwp_blogcat`.`name`, `cwp_blogcat`.`rank`, `cwp_blogcat`.`depth`, `cwp_blogcat`.`ctime` FROM `cwp_blogcat` WHERE `cwp_blogcat`.`id` = :0 LIMIT 1
[Sat, 06 Jun 15 14:59:36 +0800][INFO] SELECT `cwp_blogcat`.`id`, `cwp_blogcat`.`pid`, `cwp_blogcat`.`name`, `cwp_blogcat`.`rank`, `cwp_blogcat`.`depth`, `cwp_blogcat`.`ctime` FROM `cwp_blogcat` WHERE `cwp_blogcat`.`id` = :0 LIMIT 1
[Sat, 06 Jun 15 14:59:36 +0800][INFO] SELECT `cwp_blogcat`.`id`, `cwp_blogcat`.`pid`, `cwp_blogcat`.`name`, `cwp_blogcat`.`rank`, `cwp_blogcat`.`depth`, `cwp_blogcat`.`ctime` FROM `cwp_blogcat` WHERE `cwp_blogcat`.`id` = :0 LIMIT 1
[Sat, 06 Jun 15 14:59:36 +0800][INFO] SELECT `cwp_blogcat`.`id`, `cwp_blogcat`.`pid`, `cwp_blogcat`.`name`, `cwp_blogcat`.`rank`, `cwp_blogcat`.`depth`, `cwp_blogcat`.`ctime` FROM `cwp_blogcat` WHERE `cwp_blogcat`.`id` = :0 LIMIT 1
[Sat, 06 Jun 15 14:59:36 +0800][INFO] SELECT `cwp_blogcat`.`id`, `cwp_blogcat`.`pid`, `cwp_blogcat`.`name`, `cwp_blogcat`.`rank`, `cwp_blogcat`.`depth`, `cwp_blogcat`.`ctime` FROM `cwp_blogcat` WHERE `cwp_blogcat`.`id` = :0 LIMIT 1
[Sat, 06 Jun 15 14:59:36 +0800][INFO] SELECT `cwp_blogcat`.`id`, `cwp_blogcat`.`pid`, `cwp_blogcat`.`name`, `cwp_blogcat`.`rank`, `cwp_blogcat`.`depth`, `cwp_blogcat`.`ctime` FROM `cwp_blogcat` WHERE `cwp_blogcat`.`id` = :0 LIMIT 1
[Sat, 06 Jun 15 14:59:36 +0800][INFO] SELECT `cwp_blogcat`.`id`, `cwp_blogcat`.`pid`, `cwp_blogcat`.`name`, `cwp_blogcat`.`rank`, `cwp_blogcat`.`depth`, `cwp_blogcat`.`ctime` FROM `cwp_blogcat` WHERE `cwp_blogcat`.`id` = :0 LIMIT 1
[Sat, 06 Jun 15 14:59:36 +0800][INFO] SELECT `cwp_blogcat`.`id`, `cwp_blogcat`.`pid`, `cwp_blogcat`.`name`, `cwp_blogcat`.`rank`, `cwp_blogcat`.`depth`, `cwp_blogcat`.`ctime` FROM `cwp_blogcat` WHERE `cwp_blogcat`.`id` = :0 LIMIT 1
[Sat, 06 Jun 15 14:59:36 +0800][INFO] SELECT `cwp_blogcat`.`id`, `cwp_blogcat`.`pid`, `cwp_blogcat`.`name`, `cwp_blogcat`.`rank`, `cwp_blogcat`.`depth`, `cwp_blogcat`.`ctime` FROM `cwp_blogcat` WHERE `cwp_blogcat`.`id` = :0 LIMIT 1
[Sat, 06 Jun 15 14:59:36 +0800][INFO] SELECT `cwp_blogcat`.`id`, `cwp_blogcat`.`pid`, `cwp_blogcat`.`name`, `cwp_blogcat`.`rank`, `cwp_blogcat`.`depth`, `cwp_blogcat`.`ctime` FROM `cwp_blogcat` WHERE `cwp_blogcat`.`id` = :0 LIMIT 1
[Sat, 06 Jun 15 14:59:36 +0800][INFO] SELECT `cwp_blogcat`.`id`, `cwp_blogcat`.`pid`, `cwp_blogcat`.`name`, `cwp_blogcat`.`rank`, `cwp_blogcat`.`depth`, `cwp_blogcat`.`ctime` FROM `cwp_blogcat` WHERE `cwp_blogcat`.`id` = :0 LIMIT 1
[Sat, 06 Jun 15 14:59:36 +0800][INFO] SELECT `cwp_blogcat`.`id`, `cwp_blogcat`.`pid`, `cwp_blogcat`.`name`, `cwp_blogcat`.`rank`, `cwp_blogcat`.`depth`, `cwp_blogcat`.`ctime` FROM `cwp_blogcat` WHERE `cwp_blogcat`.`id` = :0 LIMIT 1
[Sat, 06 Jun 15 14:59:36 +0800][INFO] SELECT `cwp_blogcat`.`id`, `cwp_blogcat`.`pid`, `cwp_blogcat`.`name`, `cwp_blogcat`.`rank`, `cwp_blogcat`.`depth`, `cwp_blogcat`.`ctime` FROM `cwp_blogcat` WHERE `cwp_blogcat`.`id` = :0 LIMIT 1
[Sat, 06 Jun 15 14:59:36 +0800][INFO] SELECT `cwp_blogcat`.`id`, `cwp_blogcat`.`pid`, `cwp_blogcat`.`name`, `cwp_blogcat`.`rank`, `cwp_blogcat`.`depth`, `cwp_blogcat`.`ctime` FROM `cwp_blogcat` WHERE `cwp_blogcat`.`id` = :0 LIMIT 1
[Sat, 06 Jun 15 14:59:36 +0800][INFO] SELECT `cwp_blogcat`.`id`, `cwp_blogcat`.`pid`, `cwp_blogcat`.`name`, `cwp_blogcat`.`rank`, `cwp_blogcat`.`depth`, `cwp_blogcat`.`ctime` FROM `cwp_blogcat` WHERE `cwp_blogcat`.`id` = :0 LIMIT 1
[Sat, 06 Jun 15 14:59:36 +0800][INFO] SELECT `cwp_blogcat`.`id`, `cwp_blogcat`.`pid`, `cwp_blogcat`.`name`, `cwp_blogcat`.`rank`, `cwp_blogcat`.`depth`, `cwp_blogcat`.`ctime` FROM `cwp_blogcat` WHERE `cwp_blogcat`.`id` = :0 LIMIT 1
[Sat, 06 Jun 15 14:59:36 +0800][INFO] SELECT `cwp_blogcat`.`id`, `cwp_blogcat`.`pid`, `cwp_blogcat`.`name`, `cwp_blogcat`.`rank`, `cwp_blogcat`.`depth`, `cwp_blogcat`.`ctime` FROM `cwp_blogcat` WHERE `cwp_blogcat`.`id` = :0 LIMIT 1
[Sat, 06 Jun 15 14:59:36 +0800][INFO] SELECT `cwp_blogcat`.`id`, `cwp_blogcat`.`pid`, `cwp_blogcat`.`name`, `cwp_blogcat`.`rank`, `cwp_blogcat`.`depth`, `cwp_blogcat`.`ctime` FROM `cwp_blogcat` WHERE `cwp_blogcat`.`id` = :0 LIMIT 1
[Sat, 06 Jun 15 14:59:36 +0800][INFO] SELECT `cwp_blogcat`.`id`, `cwp_blogcat`.`pid`, `cwp_blogcat`.`name`, `cwp_blogcat`.`rank`, `cwp_blogcat`.`depth`, `cwp_blogcat`.`ctime` FROM `cwp_blogcat` WHERE `cwp_blogcat`.`id` = :0 LIMIT 1
[Sat, 06 Jun 15 14:59:36 +0800][INFO] SELECT `cwp_blogcat`.`id`, `cwp_blogcat`.`pid`, `cwp_blogcat`.`name`, `cwp_blogcat`.`rank`, `cwp_blogcat`.`depth`, `cwp_blogcat`.`ctime` FROM `cwp_blogcat` WHERE `cwp_blogcat`.`id` = :0 LIMIT 1
[Sat, 06 Jun 15 14:59:37 +0800][INFO] SELECT `cwp_blogcat`.`id`, `cwp_blogcat`.`pid`, `cwp_blogcat`.`name`, `cwp_blogcat`.`rank`, `cwp_blogcat`.`depth`, `cwp_blogcat`.`ctime` FROM `cwp_blogcat` WHERE `cwp_blogcat`.`id` = :0 LIMIT 1
[Sat, 06 Jun 15 14:59:37 +0800][INFO] SELECT `cwp_blogcat`.`id`, `cwp_blogcat`.`pid`, `cwp_blogcat`.`name`, `cwp_blogcat`.`rank`, `cwp_blogcat`.`depth`, `cwp_blogcat`.`ctime` FROM `cwp_blogcat` WHERE `cwp_blogcat`.`id` = :0 LIMIT 1
[Sat, 06 Jun 15 14:59:37 +0800][INFO] SELECT `cwp_blogcat`.`id`, `cwp_blogcat`.`pid`, `cwp_blogcat`.`name`, `cwp_blogcat`.`rank`, `cwp_blogcat`.`depth`, `cwp_blogcat`.`ctime` FROM `cwp_blogcat` WHERE `cwp_blogcat`.`id` = :0 LIMIT 1
[Sat, 06 Jun 15 14:59:39 +0800][INFO] SELECT IF(COUNT(*)>0, 1 , 0) FROM `INFORMATION_SCHEMA`.`TABLES` WHERE `TABLE_NAME`='cwp_blogcat'
[Sat, 06 Jun 15 14:59:39 +0800][INFO] DESCRIBE `cwp_blogcat`
[Sat, 06 Jun 15 14:59:39 +0800][INFO] SELECT `cwp_blogcat`.`id`, `cwp_blogcat`.`pid`, `cwp_blogcat`.`name`, `cwp_blogcat`.`rank`, `cwp_blogcat`.`depth`, `cwp_blogcat`.`ctime` FROM `cwp_blogcat`
[Sat, 06 Jun 15 14:59:39 +0800][INFO] SELECT IF(COUNT(*)>0, 1 , 0) FROM `INFORMATION_SCHEMA`.`TABLES` WHERE `TABLE_NAME`='cwp_blog'
[Sat, 06 Jun 15 14:59:39 +0800][INFO] DESCRIBE `cwp_blog`
[Sat, 06 Jun 15 14:59:39 +0800][INFO] SELECT `cwp_blog`.`id`, `cwp_blog`.`category_id`, `cwp_blog`.`user_id`, `cwp_blog`.`title`, `cwp_blog`.`guide`, `cwp_blog`.`cover`, `cwp_blog`.`content`, `cwp_blog`.`keywords`, `cwp_blog`.`description`, `cwp_blog`.`ctime`, `cwp_blog`.`updatetime`, `cwp_blog`.`hits` FROM `cwp_blog`
[Sat, 06 Jun 15 14:59:39 +0800][INFO] SELECT `cwp_blogcat`.`id`, `cwp_blogcat`.`pid`, `cwp_blogcat`.`name`, `cwp_blogcat`.`rank`, `cwp_blogcat`.`depth`, `cwp_blogcat`.`ctime` FROM `cwp_blogcat` WHERE `cwp_blogcat`.`id` = :0 LIMIT 1
[Sat, 06 Jun 15 14:59:39 +0800][INFO] SELECT `cwp_blogcat`.`id`, `cwp_blogcat`.`pid`, `cwp_blogcat`.`name`, `cwp_blogcat`.`rank`, `cwp_blogcat`.`depth`, `cwp_blogcat`.`ctime` FROM `cwp_blogcat` WHERE `cwp_blogcat`.`id` = :0 LIMIT 1
[Sat, 06 Jun 15 14:59:39 +0800][INFO] SELECT `cwp_blogcat`.`id`, `cwp_blogcat`.`pid`, `cwp_blogcat`.`name`, `cwp_blogcat`.`rank`, `cwp_blogcat`.`depth`, `cwp_blogcat`.`ctime` FROM `cwp_blogcat` WHERE `cwp_blogcat`.`id` = :0 LIMIT 1
[Sat, 06 Jun 15 14:59:39 +0800][INFO] SELECT `cwp_blogcat`.`id`, `cwp_blogcat`.`pid`, `cwp_blogcat`.`name`, `cwp_blogcat`.`rank`, `cwp_blogcat`.`depth`, `cwp_blogcat`.`ctime` FROM `cwp_blogcat` WHERE `cwp_blogcat`.`id` = :0 LIMIT 1
[Sat, 06 Jun 15 14:59:39 +0800][INFO] SELECT `cwp_blogcat`.`id`, `cwp_blogcat`.`pid`, `cwp_blogcat`.`name`, `cwp_blogcat`.`rank`, `cwp_blogcat`.`depth`, `cwp_blogcat`.`ctime` FROM `cwp_blogcat` WHERE `cwp_blogcat`.`id` = :0 LIMIT 1
[Sat, 06 Jun 15 14:59:39 +0800][INFO] SELECT `cwp_blogcat`.`id`, `cwp_blogcat`.`pid`, `cwp_blogcat`.`name`, `cwp_blogcat`.`rank`, `cwp_blogcat`.`depth`, `cwp_blogcat`.`ctime` FROM `cwp_blogcat` WHERE `cwp_blogcat`.`id` = :0 LIMIT 1
[Sat, 06 Jun 15 14:59:39 +0800][INFO] SELECT `cwp_blogcat`.`id`, `cwp_blogcat`.`pid`, `cwp_blogcat`.`name`, `cwp_blogcat`.`rank`, `cwp_blogcat`.`depth`, `cwp_blogcat`.`ctime` FROM `cwp_blogcat` WHERE `cwp_blogcat`.`id` = :0 LIMIT 1
[Sat, 06 Jun 15 14:59:39 +0800][INFO] SELECT `cwp_blogcat`.`id`, `cwp_blogcat`.`pid`, `cwp_blogcat`.`name`, `cwp_blogcat`.`rank`, `cwp_blogcat`.`depth`, `cwp_blogcat`.`ctime` FROM `cwp_blogcat` WHERE `cwp_blogcat`.`id` = :0 LIMIT 1
[Sat, 06 Jun 15 14:59:39 +0800][INFO] SELECT `cwp_blogcat`.`id`, `cwp_blogcat`.`pid`, `cwp_blogcat`.`name`, `cwp_blogcat`.`rank`, `cwp_blogcat`.`depth`, `cwp_blogcat`.`ctime` FROM `cwp_blogcat` WHERE `cwp_blogcat`.`id` = :0 LIMIT 1
[Sat, 06 Jun 15 14:59:39 +0800][INFO] SELECT `cwp_blogcat`.`id`, `cwp_blogcat`.`pid`, `cwp_blogcat`.`name`, `cwp_blogcat`.`rank`, `cwp_blogcat`.`depth`, `cwp_blogcat`.`ctime` FROM `cwp_blogcat` WHERE `cwp_blogcat`.`id` = :0 LIMIT 1
[Sat, 06 Jun 15 14:59:39 +0800][INFO] SELECT `cwp_blogcat`.`id`, `cwp_blogcat`.`pid`, `cwp_blogcat`.`name`, `cwp_blogcat`.`rank`, `cwp_blogcat`.`depth`, `cwp_blogcat`.`ctime` FROM `cwp_blogcat` WHERE `cwp_blogcat`.`id` = :0 LIMIT 1
[Sat, 06 Jun 15 14:59:39 +0800][INFO] SELECT `cwp_blogcat`.`id`, `cwp_blogcat`.`pid`, `cwp_blogcat`.`name`, `cwp_blogcat`.`rank`, `cwp_blogcat`.`depth`, `cwp_blogcat`.`ctime` FROM `cwp_blogcat` WHERE `cwp_blogcat`.`id` = :0 LIMIT 1
[Sat, 06 Jun 15 14:59:39 +0800][INFO] SELECT `cwp_blogcat`.`id`, `cwp_blogcat`.`pid`, `cwp_blogcat`.`name`, `cwp_blogcat`.`rank`, `cwp_blogcat`.`depth`, `cwp_blogcat`.`ctime` FROM `cwp_blogcat` WHERE `cwp_blogcat`.`id` = :0 LIMIT 1
[Sat, 06 Jun 15 14:59:39 +0800][INFO] SELECT `cwp_blogcat`.`id`, `cwp_blogcat`.`pid`, `cwp_blogcat`.`name`, `cwp_blogcat`.`rank`, `cwp_blogcat`.`depth`, `cwp_blogcat`.`ctime` FROM `cwp_blogcat` WHERE `cwp_blogcat`.`id` = :0 LIMIT 1
[Sat, 06 Jun 15 14:59:39 +0800][INFO] SELECT `cwp_blogcat`.`id`, `cwp_blogcat`.`pid`, `cwp_blogcat`.`name`, `cwp_blogcat`.`rank`, `cwp_blogcat`.`depth`, `cwp_blogcat`.`ctime` FROM `cwp_blogcat` WHERE `cwp_blogcat`.`id` = :0 LIMIT 1
[Sat, 06 Jun 15 14:59:39 +0800][INFO] SELECT `cwp_blogcat`.`id`, `cwp_blogcat`.`pid`, `cwp_blogcat`.`name`, `cwp_blogcat`.`rank`, `cwp_blogcat`.`depth`, `cwp_blogcat`.`ctime` FROM `cwp_blogcat` WHERE `cwp_blogcat`.`id` = :0 LIMIT 1
[Sat, 06 Jun 15 14:59:39 +0800][INFO] SELECT `cwp_blogcat`.`id`, `cwp_blogcat`.`pid`, `cwp_blogcat`.`name`, `cwp_blogcat`.`rank`, `cwp_blogcat`.`depth`, `cwp_blogcat`.`ctime` FROM `cwp_blogcat` WHERE `cwp_blogcat`.`id` = :0 LIMIT 1
[Sat, 06 Jun 15 14:59:39 +0800][INFO] SELECT `cwp_blogcat`.`id`, `cwp_blogcat`.`pid`, `cwp_blogcat`.`name`, `cwp_blogcat`.`rank`, `cwp_blogcat`.`depth`, `cwp_blogcat`.`ctime` FROM `cwp_blogcat` WHERE `cwp_blogcat`.`id` = :0 LIMIT 1
[Sat, 06 Jun 15 14:59:40 +0800][INFO] SELECT `cwp_blogcat`.`id`, `cwp_blogcat`.`pid`, `cwp_blogcat`.`name`, `cwp_blogcat`.`rank`, `cwp_blogcat`.`depth`, `cwp_blogcat`.`ctime` FROM `cwp_blogcat` WHERE `cwp_blogcat`.`id` = :0 LIMIT 1
[Sat, 06 Jun 15 14:59:40 +0800][INFO] SELECT `cwp_blogcat`.`id`, `cwp_blogcat`.`pid`, `cwp_blogcat`.`name`, `cwp_blogcat`.`rank`, `cwp_blogcat`.`depth`, `cwp_blogcat`.`ctime` FROM `cwp_blogcat` WHERE `cwp_blogcat`.`id` = :0 LIMIT 1
[Sat, 06 Jun 15 14:59:40 +0800][INFO] SELECT `cwp_blogcat`.`id`, `cwp_blogcat`.`pid`, `cwp_blogcat`.`name`, `cwp_blogcat`.`rank`, `cwp_blogcat`.`depth`, `cwp_blogcat`.`ctime` FROM `cwp_blogcat` WHERE `cwp_blogcat`.`id` = :0 LIMIT 1
[Sat, 06 Jun 15 14:59:40 +0800][INFO] SELECT `cwp_blogcat`.`id`, `cwp_blogcat`.`pid`, `cwp_blogcat`.`name`, `cwp_blogcat`.`rank`, `cwp_blogcat`.`depth`, `cwp_blogcat`.`ctime` FROM `cwp_blogcat` WHERE `cwp_blogcat`.`id` = :0 LIMIT 1
[Sat, 06 Jun 15 14:59:40 +0800][INFO] SELECT `cwp_blogcat`.`id`, `cwp_blogcat`.`pid`, `cwp_blogcat`.`name`, `cwp_blogcat`.`rank`, `cwp_blogcat`.`depth`, `cwp_blogcat`.`ctime` FROM `cwp_blogcat` WHERE `cwp_blogcat`.`id` = :0 LIMIT 1
[Sat, 06 Jun 15 14:59:40 +0800][INFO] SELECT `cwp_blogcat`.`id`, `cwp_blogcat`.`pid`, `cwp_blogcat`.`name`, `cwp_blogcat`.`rank`, `cwp_blogcat`.`depth`, `cwp_blogcat`.`ctime` FROM `cwp_blogcat` WHERE `cwp_blogcat`.`id` = :0 LIMIT 1
[Sat, 06 Jun 15 14:59:40 +0800][INFO] SELECT `cwp_blogcat`.`id`, `cwp_blogcat`.`pid`, `cwp_blogcat`.`name`, `cwp_blogcat`.`rank`, `cwp_blogcat`.`depth`, `cwp_blogcat`.`ctime` FROM `cwp_blogcat` WHERE `cwp_blogcat`.`id` = :0 LIMIT 1
[Sat, 06 Jun 15 14:59:40 +0800][INFO] SELECT `cwp_blogcat`.`id`, `cwp_blogcat`.`pid`, `cwp_blogcat`.`name`, `cwp_blogcat`.`rank`, `cwp_blogcat`.`depth`, `cwp_blogcat`.`ctime` FROM `cwp_blogcat` WHERE `cwp_blogcat`.`id` = :0 LIMIT 1
[Sat, 06 Jun 15 14:59:40 +0800][INFO] SELECT `cwp_blogcat`.`id`, `cwp_blogcat`.`pid`, `cwp_blogcat`.`name`, `cwp_blogcat`.`rank`, `cwp_blogcat`.`depth`, `cwp_blogcat`.`ctime` FROM `cwp_blogcat` WHERE `cwp_blogcat`.`id` = :0 LIMIT 1
[Sat, 06 Jun 15 14:59:40 +0800][INFO] SELECT `cwp_blogcat`.`id`, `cwp_blogcat`.`pid`, `cwp_blogcat`.`name`, `cwp_blogcat`.`rank`, `cwp_blogcat`.`depth`, `cwp_blogcat`.`ctime` FROM `cwp_blogcat` WHERE `cwp_blogcat`.`id` = :0 LIMIT 1
[Sat, 06 Jun 15 14:59:40 +0800][INFO] SELECT `cwp_blogcat`.`id`, `cwp_blogcat`.`pid`, `cwp_blogcat`.`name`, `cwp_blogcat`.`rank`, `cwp_blogcat`.`depth`, `cwp_blogcat`.`ctime` FROM `cwp_blogcat` WHERE `cwp_blogcat`.`id` = :0 LIMIT 1
[Sat, 06 Jun 15 14:59:40 +0800][INFO] SELECT `cwp_blogcat`.`id`, `cwp_blogcat`.`pid`, `cwp_blogcat`.`name`, `cwp_blogcat`.`rank`, `cwp_blogcat`.`depth`, `cwp_blogcat`.`ctime` FROM `cwp_blogcat` WHERE `cwp_blogcat`.`id` = :0 LIMIT 1
[Sat, 06 Jun 15 14:59:40 +0800][INFO] SELECT `cwp_blogcat`.`id`, `cwp_blogcat`.`pid`, `cwp_blogcat`.`name`, `cwp_blogcat`.`rank`, `cwp_blogcat`.`depth`, `cwp_blogcat`.`ctime` FROM `cwp_blogcat` WHERE `cwp_blogcat`.`id` = :0 LIMIT 1
[Sat, 06 Jun 15 14:59:40 +0800][INFO] SELECT `cwp_blogcat`.`id`, `cwp_blogcat`.`pid`, `cwp_blogcat`.`name`, `cwp_blogcat`.`rank`, `cwp_blogcat`.`depth`, `cwp_blogcat`.`ctime` FROM `cwp_blogcat` WHERE `cwp_blogcat`.`id` = :0 LIMIT 1
[Sat, 06 Jun 15 14:59:40 +0800][INFO] SELECT `cwp_blogcat`.`id`, `cwp_blogcat`.`pid`, `cwp_blogcat`.`name`, `cwp_blogcat`.`rank`, `cwp_blogcat`.`depth`, `cwp_blogcat`.`ctime` FROM `cwp_blogcat` WHERE `cwp_blogcat`.`id` = :0 LIMIT 1
[Sat, 06 Jun 15 14:59:40 +0800][INFO] SELECT `cwp_blogcat`.`id`, `cwp_blogcat`.`pid`, `cwp_blogcat`.`name`, `cwp_blogcat`.`rank`, `cwp_blogcat`.`depth`, `cwp_blogcat`.`ctime` FROM `cwp_blogcat` WHERE `cwp_blogcat`.`id` = :0 LIMIT 1
[Sat, 06 Jun 15 14:59:40 +0800][INFO] SELECT `cwp_blogcat`.`id`, `cwp_blogcat`.`pid`, `cwp_blogcat`.`name`, `cwp_blogcat`.`rank`, `cwp_blogcat`.`depth`, `cwp_blogcat`.`ctime` FROM `cwp_blogcat` WHERE `cwp_blogcat`.`id` = :0 LIMIT 1
[Sat, 06 Jun 15 14:59:40 +0800][INFO] SELECT `cwp_blogcat`.`id`, `cwp_blogcat`.`pid`, `cwp_blogcat`.`name`, `cwp_blogcat`.`rank`, `cwp_blogcat`.`depth`, `cwp_blogcat`.`ctime` FROM `cwp_blogcat` WHERE `cwp_blogcat`.`id` = :0 LIMIT 1
[Sat, 06 Jun 15 14:59:40 +0800][INFO] SELECT `cwp_blogcat`.`id`, `cwp_blogcat`.`pid`, `cwp_blogcat`.`name`, `cwp_blogcat`.`rank`, `cwp_blogcat`.`depth`, `cwp_blogcat`.`ctime` FROM `cwp_blogcat` WHERE `cwp_blogcat`.`id` = :0 LIMIT 1
[Sat, 06 Jun 15 14:59:40 +0800][INFO] SELECT `cwp_blogcat`.`id`, `cwp_blogcat`.`pid`, `cwp_blogcat`.`name`, `cwp_blogcat`.`rank`, `cwp_blogcat`.`depth`, `cwp_blogcat`.`ctime` FROM `cwp_blogcat` WHERE `cwp_blogcat`.`id` = :0 LIMIT 1
[Sat, 06 Jun 15 14:59:40 +0800][INFO] SELECT `cwp_blogcat`.`id`, `cwp_blogcat`.`pid`, `cwp_blogcat`.`name`, `cwp_blogcat`.`rank`, `cwp_blogcat`.`depth`, `cwp_blogcat`.`ctime` FROM `cwp_blogcat` WHERE `cwp_blogcat`.`id` = :0 LIMIT 1
[Sat, 06 Jun 15 14:59:40 +0800][INFO] SELECT `cwp_blogcat`.`id`, `cwp_blogcat`.`pid`, `cwp_blogcat`.`name`, `cwp_blogcat`.`rank`, `cwp_blogcat`.`depth`, `cwp_blogcat`.`ctime` FROM `cwp_blogcat` WHERE `cwp_blogcat`.`id` = :0 LIMIT 1
[Sat, 06 Jun 15 14:59:40 +0800][INFO] SELECT `cwp_blogcat`.`id`, `cwp_blogcat`.`pid`, `cwp_blogcat`.`name`, `cwp_blogcat`.`rank`, `cwp_blogcat`.`depth`, `cwp_blogcat`.`ctime` FROM `cwp_blogcat` WHERE `cwp_blogcat`.`id` = :0 LIMIT 1
[Sat, 06 Jun 15 14:59:40 +0800][INFO] SELECT `cwp_blogcat`.`id`, `cwp_blogcat`.`pid`, `cwp_blogcat`.`name`, `cwp_blogcat`.`rank`, `cwp_blogcat`.`depth`, `cwp_blogcat`.`ctime` FROM `cwp_blogcat` WHERE `cwp_blogcat`.`id` = :0 LIMIT 1
[Sat, 06 Jun 15 14:59:40 +0800][INFO] SELECT `cwp_blogcat`.`id`, `cwp_blogcat`.`pid`, `cwp_blogcat`.`name`, `cwp_blogcat`.`rank`, `cwp_blogcat`.`depth`, `cwp_blogcat`.`ctime` FROM `cwp_blogcat` WHERE `cwp_blogcat`.`id` = :0 LIMIT 1
[Sat, 06 Jun 15 14:59:40 +0800][INFO] SELECT `cwp_blogcat`.`id`, `cwp_blogcat`.`pid`, `cwp_blogcat`.`name`, `cwp_blogcat`.`rank`, `cwp_blogcat`.`depth`, `cwp_blogcat`.`ctime` FROM `cwp_blogcat` WHERE `cwp_blogcat`.`id` = :0 LIMIT 1
[Sat, 06 Jun 15 14:59:40 +0800][INFO] SELECT `cwp_blogcat`.`id`, `cwp_blogcat`.`pid`, `cwp_blogcat`.`name`, `cwp_blogcat`.`rank`, `cwp_blogcat`.`depth`, `cwp_blogcat`.`ctime` FROM `cwp_blogcat` WHERE `cwp_blogcat`.`id` = :0 LIMIT 1
[Sat, 06 Jun 15 14:59:40 +0800][INFO] SELECT `cwp_blogcat`.`id`, `cwp_blogcat`.`pid`, `cwp_blogcat`.`name`, `cwp_blogcat`.`rank`, `cwp_blogcat`.`depth`, `cwp_blogcat`.`ctime` FROM `cwp_blogcat` WHERE `cwp_blogcat`.`id` = :0 LIMIT 1
[Sat, 06 Jun 15 14:59:40 +0800][INFO] SELECT `cwp_blogcat`.`id`, `cwp_blogcat`.`pid`, `cwp_blogcat`.`name`, `cwp_blogcat`.`rank`, `cwp_blogcat`.`depth`, `cwp_blogcat`.`ctime` FROM `cwp_blogcat` WHERE `cwp_blogcat`.`id` = :0 LIMIT 1
[Sat, 06 Jun 15 14:59:40 +0800][INFO] SELECT `cwp_blogcat`.`id`, `cwp_blogcat`.`pid`, `cwp_blogcat`.`name`, `cwp_blogcat`.`rank`, `cwp_blogcat`.`depth`, `cwp_blogcat`.`ctime` FROM `cwp_blogcat` WHERE `cwp_blogcat`.`id` = :0 LIMIT 1
[Sat, 06 Jun 15 14:59:40 +0800][INFO] SELECT `cwp_blogcat`.`id`, `cwp_blogcat`.`pid`, `cwp_blogcat`.`name`, `cwp_blogcat`.`rank`, `cwp_blogcat`.`depth`, `cwp_blogcat`.`ctime` FROM `cwp_blogcat` WHERE `cwp_blogcat`.`id` = :0 LIMIT 1
[Sat, 06 Jun 15 14:59:40 +0800][INFO] SELECT `cwp_blogcat`.`id`, `cwp_blogcat`.`pid`, `cwp_blogcat`.`name`, `cwp_blogcat`.`rank`, `cwp_blogcat`.`depth`, `cwp_blogcat`.`ctime` FROM `cwp_blogcat` WHERE `cwp_blogcat`.`id` = :0 LIMIT 1
[Sat, 06 Jun 15 14:59:40 +0800][INFO] SELECT `cwp_blogcat`.`id`, `cwp_blogcat`.`pid`, `cwp_blogcat`.`name`, `cwp_blogcat`.`rank`, `cwp_blogcat`.`depth`, `cwp_blogcat`.`ctime` FROM `cwp_blogcat` WHERE `cwp_blogcat`.`id` = :0 LIMIT 1
[Sat, 06 Jun 15 14:59:40 +0800][INFO] SELECT `cwp_blogcat`.`id`, `cwp_blogcat`.`pid`, `cwp_blogcat`.`name`, `cwp_blogcat`.`rank`, `cwp_blogcat`.`depth`, `cwp_blogcat`.`ctime` FROM `cwp_blogcat` WHERE `cwp_blogcat`.`id` = :0 LIMIT 1
[Sat, 06 Jun 15 14:59:40 +0800][INFO] SELECT `cwp_blogcat`.`id`, `cwp_blogcat`.`pid`, `cwp_blogcat`.`name`, `cwp_blogcat`.`rank`, `cwp_blogcat`.`depth`, `cwp_blogcat`.`ctime` FROM `cwp_blogcat` WHERE `cwp_blogcat`.`id` = :0 LIMIT 1
[Sat, 06 Jun 15 14:59:40 +0800][INFO] SELECT `cwp_blogcat`.`id`, `cwp_blogcat`.`pid`, `cwp_blogcat`.`name`, `cwp_blogcat`.`rank`, `cwp_blogcat`.`depth`, `cwp_blogcat`.`ctime` FROM `cwp_blogcat` WHERE `cwp_blogcat`.`id` = :0 LIMIT 1
[Sat, 06 Jun 15 14:59:40 +0800][INFO] SELECT `cwp_blogcat`.`id`, `cwp_blogcat`.`pid`, `cwp_blogcat`.`name`, `cwp_blogcat`.`rank`, `cwp_blogcat`.`depth`, `cwp_blogcat`.`ctime` FROM `cwp_blogcat` WHERE `cwp_blogcat`.`id` = :0 LIMIT 1
[Sat, 06 Jun 15 14:59:40 +0800][INFO] SELECT `cwp_blogcat`.`id`, `cwp_blogcat`.`pid`, `cwp_blogcat`.`name`, `cwp_blogcat`.`rank`, `cwp_blogcat`.`depth`, `cwp_blogcat`.`ctime` FROM `cwp_blogcat` WHERE `cwp_blogcat`.`id` = :0 LIMIT 1
[Sat, 06 Jun 15 14:59:40 +0800][INFO] SELECT IF(COUNT(*)>0, 1 , 0) FROM `INFORMATION_SCHEMA`.`TABLES` WHERE `TABLE_NAME`='cwp_blogcat'
[Sat, 06 Jun 15 14:59:40 +0800][INFO] DESCRIBE `cwp_blogcat`
[Sat, 06 Jun 15 14:59:40 +0800][INFO] SELECT `cwp_blogcat`.`id`, `cwp_blogcat`.`pid`, `cwp_blogcat`.`name`, `cwp_blogcat`.`rank`, `cwp_blogcat`.`depth`, `cwp_blogcat`.`ctime` FROM `cwp_blogcat`
[Sat, 06 Jun 15 14:59:40 +0800][INFO] SELECT IF(COUNT(*)>0, 1 , 0) FROM `INFORMATION_SCHEMA`.`TABLES` WHERE `TABLE_NAME`='cwp_blog'
[Sat, 06 Jun 15 14:59:40 +0800][INFO] DESCRIBE `cwp_blog`
[Sat, 06 Jun 15 14:59:40 +0800][INFO] SELECT `cwp_blog`.`id`, `cwp_blog`.`category_id`, `cwp_blog`.`user_id`, `cwp_blog`.`title`, `cwp_blog`.`guide`, `cwp_blog`.`cover`, `cwp_blog`.`content`, `cwp_blog`.`keywords`, `cwp_blog`.`description`, `cwp_blog`.`ctime`, `cwp_blog`.`updatetime`, `cwp_blog`.`hits` FROM `cwp_blog`
[Sat, 06 Jun 15 14:59:40 +0800][INFO] SELECT `cwp_blogcat`.`id`, `cwp_blogcat`.`pid`, `cwp_blogcat`.`name`, `cwp_blogcat`.`rank`, `cwp_blogcat`.`depth`, `cwp_blogcat`.`ctime` FROM `cwp_blogcat` WHERE `cwp_blogcat`.`id` = :0 LIMIT 1
[Sat, 06 Jun 15 14:59:41 +0800][INFO] SELECT `cwp_blogcat`.`id`, `cwp_blogcat`.`pid`, `cwp_blogcat`.`name`, `cwp_blogcat`.`rank`, `cwp_blogcat`.`depth`, `cwp_blogcat`.`ctime` FROM `cwp_blogcat` WHERE `cwp_blogcat`.`id` = :0 LIMIT 1
[Sat, 06 Jun 15 14:59:41 +0800][INFO] SELECT `cwp_blogcat`.`id`, `cwp_blogcat`.`pid`, `cwp_blogcat`.`name`, `cwp_blogcat`.`rank`, `cwp_blogcat`.`depth`, `cwp_blogcat`.`ctime` FROM `cwp_blogcat` WHERE `cwp_blogcat`.`id` = :0 LIMIT 1
[Sat, 06 Jun 15 14:59:41 +0800][INFO] SELECT `cwp_blogcat`.`id`, `cwp_blogcat`.`pid`, `cwp_blogcat`.`name`, `cwp_blogcat`.`rank`, `cwp_blogcat`.`depth`, `cwp_blogcat`.`ctime` FROM `cwp_blogcat` WHERE `cwp_blogcat`.`id` = :0 LIMIT 1
[Sat, 06 Jun 15 14:59:41 +0800][INFO] SELECT `cwp_blogcat`.`id`, `cwp_blogcat`.`pid`, `cwp_blogcat`.`name`, `cwp_blogcat`.`rank`, `cwp_blogcat`.`depth`, `cwp_blogcat`.`ctime` FROM `cwp_blogcat` WHERE `cwp_blogcat`.`id` = :0 LIMIT 1
[Sat, 06 Jun 15 14:59:41 +0800][INFO] SELECT `cwp_blogcat`.`id`, `cwp_blogcat`.`pid`, `cwp_blogcat`.`name`, `cwp_blogcat`.`rank`, `cwp_blogcat`.`depth`, `cwp_blogcat`.`ctime` FROM `cwp_blogcat` WHERE `cwp_blogcat`.`id` = :0 LIMIT 1
[Sat, 06 Jun 15 14:59:41 +0800][INFO] SELECT `cwp_blogcat`.`id`, `cwp_blogcat`.`pid`, `cwp_blogcat`.`name`, `cwp_blogcat`.`rank`, `cwp_blogcat`.`depth`, `cwp_blogcat`.`ctime` FROM `cwp_blogcat` WHERE `cwp_blogcat`.`id` = :0 LIMIT 1
[Sat, 06 Jun 15 14:59:41 +0800][INFO] SELECT `cwp_blogcat`.`id`, `cwp_blogcat`.`pid`, `cwp_blogcat`.`name`, `cwp_blogcat`.`rank`, `cwp_blogcat`.`depth`, `cwp_blogcat`.`ctime` FROM `cwp_blogcat` WHERE `cwp_blogcat`.`id` = :0 LIMIT 1
[Sat, 06 Jun 15 14:59:41 +0800][INFO] SELECT `cwp_blogcat`.`id`, `cwp_blogcat`.`pid`, `cwp_blogcat`.`name`, `cwp_blogcat`.`rank`, `cwp_blogcat`.`depth`, `cwp_blogcat`.`ctime` FROM `cwp_blogcat` WHERE `cwp_blogcat`.`id` = :0 LIMIT 1
[Sat, 06 Jun 15 14:59:41 +0800][INFO] SELECT `cwp_blogcat`.`id`, `cwp_blogcat`.`pid`, `cwp_blogcat`.`name`, `cwp_blogcat`.`rank`, `cwp_blogcat`.`depth`, `cwp_blogcat`.`ctime` FROM `cwp_blogcat` WHERE `cwp_blogcat`.`id` = :0 LIMIT 1
[Sat, 06 Jun 15 14:59:41 +0800][INFO] SELECT `cwp_blogcat`.`id`, `cwp_blogcat`.`pid`, `cwp_blogcat`.`name`, `cwp_blogcat`.`rank`, `cwp_blogcat`.`depth`, `cwp_blogcat`.`ctime` FROM `cwp_blogcat` WHERE `cwp_blogcat`.`id` = :0 LIMIT 1
[Sat, 06 Jun 15 14:59:41 +0800][INFO] SELECT `cwp_blogcat`.`id`, `cwp_blogcat`.`pid`, `cwp_blogcat`.`name`, `cwp_blogcat`.`rank`, `cwp_blogcat`.`depth`, `cwp_blogcat`.`ctime` FROM `cwp_blogcat` WHERE `cwp_blogcat`.`id` = :0 LIMIT 1
[Sat, 06 Jun 15 14:59:41 +0800][INFO] SELECT `cwp_blogcat`.`id`, `cwp_blogcat`.`pid`, `cwp_blogcat`.`name`, `cwp_blogcat`.`rank`, `cwp_blogcat`.`depth`, `cwp_blogcat`.`ctime` FROM `cwp_blogcat` WHERE `cwp_blogcat`.`id` = :0 LIMIT 1
[Sat, 06 Jun 15 14:59:41 +0800][INFO] SELECT `cwp_blogcat`.`id`, `cwp_blogcat`.`pid`, `cwp_blogcat`.`name`, `cwp_blogcat`.`rank`, `cwp_blogcat`.`depth`, `cwp_blogcat`.`ctime` FROM `cwp_blogcat` WHERE `cwp_blogcat`.`id` = :0 LIMIT 1
[Sat, 06 Jun 15 14:59:41 +0800][INFO] SELECT `cwp_blogcat`.`id`, `cwp_blogcat`.`pid`, `cwp_blogcat`.`name`, `cwp_blogcat`.`rank`, `cwp_blogcat`.`depth`, `cwp_blogcat`.`ctime` FROM `cwp_blogcat` WHERE `cwp_blogcat`.`id` = :0 LIMIT 1
[Sat, 06 Jun 15 14:59:41 +0800][INFO] SELECT `cwp_blogcat`.`id`, `cwp_blogcat`.`pid`, `cwp_blogcat`.`name`, `cwp_blogcat`.`rank`, `cwp_blogcat`.`depth`, `cwp_blogcat`.`ctime` FROM `cwp_blogcat` WHERE `cwp_blogcat`.`id` = :0 LIMIT 1
[Sat, 06 Jun 15 14:59:41 +0800][INFO] SELECT `cwp_blogcat`.`id`, `cwp_blogcat`.`pid`, `cwp_blogcat`.`name`, `cwp_blogcat`.`rank`, `cwp_blogcat`.`depth`, `cwp_blogcat`.`ctime` FROM `cwp_blogcat` WHERE `cwp_blogcat`.`id` = :0 LIMIT 1
[Sat, 06 Jun 15 14:59:41 +0800][INFO] SELECT `cwp_blogcat`.`id`, `cwp_blogcat`.`pid`, `cwp_blogcat`.`name`, `cwp_blogcat`.`rank`, `cwp_blogcat`.`depth`, `cwp_blogcat`.`ctime` FROM `cwp_blogcat` WHERE `cwp_blogcat`.`id` = :0 LIMIT 1
[Sat, 06 Jun 15 14:59:41 +0800][INFO] SELECT `cwp_blogcat`.`id`, `cwp_blogcat`.`pid`, `cwp_blogcat`.`name`, `cwp_blogcat`.`rank`, `cwp_blogcat`.`depth`, `cwp_blogcat`.`ctime` FROM `cwp_blogcat` WHERE `cwp_blogcat`.`id` = :0 LIMIT 1
[Sat, 06 Jun 15 14:59:41 +0800][INFO] SELECT `cwp_blogcat`.`id`, `cwp_blogcat`.`pid`, `cwp_blogcat`.`name`, `cwp_blogcat`.`rank`, `cwp_blogcat`.`depth`, `cwp_blogcat`.`ctime` FROM `cwp_blogcat` WHERE `cwp_blogcat`.`id` = :0 LIMIT 1
[Sat, 06 Jun 15 14:59:41 +0800][INFO] SELECT `cwp_blogcat`.`id`, `cwp_blogcat`.`pid`, `cwp_blogcat`.`name`, `cwp_blogcat`.`rank`, `cwp_blogcat`.`depth`, `cwp_blogcat`.`ctime` FROM `cwp_blogcat` WHERE `cwp_blogcat`.`id` = :0 LIMIT 1
[Sat, 06 Jun 15 14:59:41 +0800][INFO] SELECT `cwp_blogcat`.`id`, `cwp_blogcat`.`pid`, `cwp_blogcat`.`name`, `cwp_blogcat`.`rank`, `cwp_blogcat`.`depth`, `cwp_blogcat`.`ctime` FROM `cwp_blogcat` WHERE `cwp_blogcat`.`id` = :0 LIMIT 1
[Sat, 06 Jun 15 14:59:41 +0800][INFO] SELECT `cwp_blogcat`.`id`, `cwp_blogcat`.`pid`, `cwp_blogcat`.`name`, `cwp_blogcat`.`rank`, `cwp_blogcat`.`depth`, `cwp_blogcat`.`ctime` FROM `cwp_blogcat` WHERE `cwp_blogcat`.`id` = :0 LIMIT 1
[Sat, 06 Jun 15 14:59:41 +0800][INFO] SELECT `cwp_blogcat`.`id`, `cwp_blogcat`.`pid`, `cwp_blogcat`.`name`, `cwp_blogcat`.`rank`, `cwp_blogcat`.`depth`, `cwp_blogcat`.`ctime` FROM `cwp_blogcat` WHERE `cwp_blogcat`.`id` = :0 LIMIT 1
[Sat, 06 Jun 15 14:59:41 +0800][INFO] SELECT `cwp_blogcat`.`id`, `cwp_blogcat`.`pid`, `cwp_blogcat`.`name`, `cwp_blogcat`.`rank`, `cwp_blogcat`.`depth`, `cwp_blogcat`.`ctime` FROM `cwp_blogcat` WHERE `cwp_blogcat`.`id` = :0 LIMIT 1
[Sat, 06 Jun 15 14:59:41 +0800][INFO] SELECT `cwp_blogcat`.`id`, `cwp_blogcat`.`pid`, `cwp_blogcat`.`name`, `cwp_blogcat`.`rank`, `cwp_blogcat`.`depth`, `cwp_blogcat`.`ctime` FROM `cwp_blogcat` WHERE `cwp_blogcat`.`id` = :0 LIMIT 1
[Sat, 06 Jun 15 14:59:41 +0800][INFO] SELECT `cwp_blogcat`.`id`, `cwp_blogcat`.`pid`, `cwp_blogcat`.`name`, `cwp_blogcat`.`rank`, `cwp_blogcat`.`depth`, `cwp_blogcat`.`ctime` FROM `cwp_blogcat` WHERE `cwp_blogcat`.`id` = :0 LIMIT 1
[Sat, 06 Jun 15 14:59:41 +0800][INFO] SELECT `cwp_blogcat`.`id`, `cwp_blogcat`.`pid`, `cwp_blogcat`.`name`, `cwp_blogcat`.`rank`, `cwp_blogcat`.`depth`, `cwp_blogcat`.`ctime` FROM `cwp_blogcat` WHERE `cwp_blogcat`.`id` = :0 LIMIT 1
[Sat, 06 Jun 15 14:59:41 +0800][INFO] SELECT `cwp_blogcat`.`id`, `cwp_blogcat`.`pid`, `cwp_blogcat`.`name`, `cwp_blogcat`.`rank`, `cwp_blogcat`.`depth`, `cwp_blogcat`.`ctime` FROM `cwp_blogcat` WHERE `cwp_blogcat`.`id` = :0 LIMIT 1
[Sat, 06 Jun 15 14:59:41 +0800][INFO] SELECT `cwp_blogcat`.`id`, `cwp_blogcat`.`pid`, `cwp_blogcat`.`name`, `cwp_blogcat`.`rank`, `cwp_blogcat`.`depth`, `cwp_blogcat`.`ctime` FROM `cwp_blogcat` WHERE `cwp_blogcat`.`id` = :0 LIMIT 1
[Sat, 06 Jun 15 14:59:41 +0800][INFO] SELECT `cwp_blogcat`.`id`, `cwp_blogcat`.`pid`, `cwp_blogcat`.`name`, `cwp_blogcat`.`rank`, `cwp_blogcat`.`depth`, `cwp_blogcat`.`ctime` FROM `cwp_blogcat` WHERE `cwp_blogcat`.`id` = :0 LIMIT 1
[Sat, 06 Jun 15 14:59:41 +0800][INFO] SELECT `cwp_blogcat`.`id`, `cwp_blogcat`.`pid`, `cwp_blogcat`.`name`, `cwp_blogcat`.`rank`, `cwp_blogcat`.`depth`, `cwp_blogcat`.`ctime` FROM `cwp_blogcat` WHERE `cwp_blogcat`.`id` = :0 LIMIT 1
[Sat, 06 Jun 15 14:59:41 +0800][INFO] SELECT `cwp_blogcat`.`id`, `cwp_blogcat`.`pid`, `cwp_blogcat`.`name`, `cwp_blogcat`.`rank`, `cwp_blogcat`.`depth`, `cwp_blogcat`.`ctime` FROM `cwp_blogcat` WHERE `cwp_blogcat`.`id` = :0 LIMIT 1
[Sat, 06 Jun 15 14:59:41 +0800][INFO] SELECT `cwp_blogcat`.`id`, `cwp_blogcat`.`pid`, `cwp_blogcat`.`name`, `cwp_blogcat`.`rank`, `cwp_blogcat`.`depth`, `cwp_blogcat`.`ctime` FROM `cwp_blogcat` WHERE `cwp_blogcat`.`id` = :0 LIMIT 1
[Sat, 06 Jun 15 14:59:41 +0800][INFO] SELECT `cwp_blogcat`.`id`, `cwp_blogcat`.`pid`, `cwp_blogcat`.`name`, `cwp_blogcat`.`rank`, `cwp_blogcat`.`depth`, `cwp_blogcat`.`ctime` FROM `cwp_blogcat` WHERE `cwp_blogcat`.`id` = :0 LIMIT 1
[Sat, 06 Jun 15 14:59:41 +0800][INFO] SELECT `cwp_blogcat`.`id`, `cwp_blogcat`.`pid`, `cwp_blogcat`.`name`, `cwp_blogcat`.`rank`, `cwp_blogcat`.`depth`, `cwp_blogcat`.`ctime` FROM `cwp_blogcat` WHERE `cwp_blogcat`.`id` = :0 LIMIT 1
[Sat, 06 Jun 15 14:59:41 +0800][INFO] SELECT `cwp_blogcat`.`id`, `cwp_blogcat`.`pid`, `cwp_blogcat`.`name`, `cwp_blogcat`.`rank`, `cwp_blogcat`.`depth`, `cwp_blogcat`.`ctime` FROM `cwp_blogcat` WHERE `cwp_blogcat`.`id` = :0 LIMIT 1
[Sat, 06 Jun 15 14:59:41 +0800][INFO] SELECT `cwp_blogcat`.`id`, `cwp_blogcat`.`pid`, `cwp_blogcat`.`name`, `cwp_blogcat`.`rank`, `cwp_blogcat`.`depth`, `cwp_blogcat`.`ctime` FROM `cwp_blogcat` WHERE `cwp_blogcat`.`id` = :0 LIMIT 1
[Sat, 06 Jun 15 14:59:42 +0800][INFO] SELECT `cwp_blogcat`.`id`, `cwp_blogcat`.`pid`, `cwp_blogcat`.`name`, `cwp_blogcat`.`rank`, `cwp_blogcat`.`depth`, `cwp_blogcat`.`ctime` FROM `cwp_blogcat` WHERE `cwp_blogcat`.`id` = :0 LIMIT 1
[Sat, 06 Jun 15 14:59:42 +0800][INFO] SELECT `cwp_blogcat`.`id`, `cwp_blogcat`.`pid`, `cwp_blogcat`.`name`, `cwp_blogcat`.`rank`, `cwp_blogcat`.`depth`, `cwp_blogcat`.`ctime` FROM `cwp_blogcat` WHERE `cwp_blogcat`.`id` = :0 LIMIT 1
[Sat, 06 Jun 15 14:59:42 +0800][INFO] SELECT `cwp_blogcat`.`id`, `cwp_blogcat`.`pid`, `cwp_blogcat`.`name`, `cwp_blogcat`.`rank`, `cwp_blogcat`.`depth`, `cwp_blogcat`.`ctime` FROM `cwp_blogcat` WHERE `cwp_blogcat`.`id` = :0 LIMIT 1
[Sat, 06 Jun 15 14:59:42 +0800][INFO] SELECT `cwp_blogcat`.`id`, `cwp_blogcat`.`pid`, `cwp_blogcat`.`name`, `cwp_blogcat`.`rank`, `cwp_blogcat`.`depth`, `cwp_blogcat`.`ctime` FROM `cwp_blogcat` WHERE `cwp_blogcat`.`id` = :0 LIMIT 1
[Sat, 06 Jun 15 14:59:42 +0800][INFO] SELECT `cwp_blogcat`.`id`, `cwp_blogcat`.`pid`, `cwp_blogcat`.`name`, `cwp_blogcat`.`rank`, `cwp_blogcat`.`depth`, `cwp_blogcat`.`ctime` FROM `cwp_blogcat` WHERE `cwp_blogcat`.`id` = :0 LIMIT 1
[Sat, 06 Jun 15 14:59:42 +0800][INFO] SELECT `cwp_blogcat`.`id`, `cwp_blogcat`.`pid`, `cwp_blogcat`.`name`, `cwp_blogcat`.`rank`, `cwp_blogcat`.`depth`, `cwp_blogcat`.`ctime` FROM `cwp_blogcat` WHERE `cwp_blogcat`.`id` = :0 LIMIT 1
[Sat, 06 Jun 15 14:59:42 +0800][INFO] SELECT `cwp_blogcat`.`id`, `cwp_blogcat`.`pid`, `cwp_blogcat`.`name`, `cwp_blogcat`.`rank`, `cwp_blogcat`.`depth`, `cwp_blogcat`.`ctime` FROM `cwp_blogcat` WHERE `cwp_blogcat`.`id` = :0 LIMIT 1
[Sat, 06 Jun 15 14:59:42 +0800][INFO] SELECT `cwp_blogcat`.`id`, `cwp_blogcat`.`pid`, `cwp_blogcat`.`name`, `cwp_blogcat`.`rank`, `cwp_blogcat`.`depth`, `cwp_blogcat`.`ctime` FROM `cwp_blogcat` WHERE `cwp_blogcat`.`id` = :0 LIMIT 1
[Sat, 06 Jun 15 14:59:42 +0800][INFO] SELECT `cwp_blogcat`.`id`, `cwp_blogcat`.`pid`, `cwp_blogcat`.`name`, `cwp_blogcat`.`rank`, `cwp_blogcat`.`depth`, `cwp_blogcat`.`ctime` FROM `cwp_blogcat` WHERE `cwp_blogcat`.`id` = :0 LIMIT 1
[Sat, 06 Jun 15 14:59:42 +0800][INFO] SELECT `cwp_blogcat`.`id`, `cwp_blogcat`.`pid`, `cwp_blogcat`.`name`, `cwp_blogcat`.`rank`, `cwp_blogcat`.`depth`, `cwp_blogcat`.`ctime` FROM `cwp_blogcat` WHERE `cwp_blogcat`.`id` = :0 LIMIT 1
[Sat, 06 Jun 15 14:59:42 +0800][INFO] SELECT `cwp_blogcat`.`id`, `cwp_blogcat`.`pid`, `cwp_blogcat`.`name`, `cwp_blogcat`.`rank`, `cwp_blogcat`.`depth`, `cwp_blogcat`.`ctime` FROM `cwp_blogcat` WHERE `cwp_blogcat`.`id` = :0 LIMIT 1
[Sat, 06 Jun 15 14:59:42 +0800][INFO] SELECT `cwp_blogcat`.`id`, `cwp_blogcat`.`pid`, `cwp_blogcat`.`name`, `cwp_blogcat`.`rank`, `cwp_blogcat`.`depth`, `cwp_blogcat`.`ctime` FROM `cwp_blogcat` WHERE `cwp_blogcat`.`id` = :0 LIMIT 1
[Sat, 06 Jun 15 14:59:42 +0800][INFO] SELECT `cwp_blogcat`.`id`, `cwp_blogcat`.`pid`, `cwp_blogcat`.`name`, `cwp_blogcat`.`rank`, `cwp_blogcat`.`depth`, `cwp_blogcat`.`ctime` FROM `cwp_blogcat` WHERE `cwp_blogcat`.`id` = :0 LIMIT 1
[Sat, 06 Jun 15 14:59:42 +0800][INFO] SELECT `cwp_blogcat`.`id`, `cwp_blogcat`.`pid`, `cwp_blogcat`.`name`, `cwp_blogcat`.`rank`, `cwp_blogcat`.`depth`, `cwp_blogcat`.`ctime` FROM `cwp_blogcat` WHERE `cwp_blogcat`.`id` = :0 LIMIT 1
[Sat, 06 Jun 15 14:59:42 +0800][INFO] SELECT `cwp_blogcat`.`id`, `cwp_blogcat`.`pid`, `cwp_blogcat`.`name`, `cwp_blogcat`.`rank`, `cwp_blogcat`.`depth`, `cwp_blogcat`.`ctime` FROM `cwp_blogcat` WHERE `cwp_blogcat`.`id` = :0 LIMIT 1
[Sat, 06 Jun 15 14:59:42 +0800][INFO] SELECT `cwp_blogcat`.`id`, `cwp_blogcat`.`pid`, `cwp_blogcat`.`name`, `cwp_blogcat`.`rank`, `cwp_blogcat`.`depth`, `cwp_blogcat`.`ctime` FROM `cwp_blogcat` WHERE `cwp_blogcat`.`id` = :0 LIMIT 1
[Sat, 06 Jun 15 14:59:42 +0800][INFO] SELECT `cwp_blogcat`.`id`, `cwp_blogcat`.`pid`, `cwp_blogcat`.`name`, `cwp_blogcat`.`rank`, `cwp_blogcat`.`depth`, `cwp_blogcat`.`ctime` FROM `cwp_blogcat` WHERE `cwp_blogcat`.`id` = :0 LIMIT 1
[Sat, 06 Jun 15 14:59:42 +0800][INFO] SELECT `cwp_blogcat`.`id`, `cwp_blogcat`.`pid`, `cwp_blogcat`.`name`, `cwp_blogcat`.`rank`, `cwp_blogcat`.`depth`, `cwp_blogcat`.`ctime` FROM `cwp_blogcat` WHERE `cwp_blogcat`.`id` = :0 LIMIT 1
[Sat, 06 Jun 15 15:25:55 +0800][INFO] SELECT IF(COUNT(*)>0, 1 , 0) FROM `INFORMATION_SCHEMA`.`TABLES` WHERE `TABLE_NAME`='cwp_blogcat'
[Sat, 06 Jun 15 15:25:55 +0800][INFO] DESCRIBE `cwp_blogcat`
[Sat, 06 Jun 15 15:25:55 +0800][INFO] SELECT `cwp_blogcat`.`id`, `cwp_blogcat`.`pid`, `cwp_blogcat`.`name`, `cwp_blogcat`.`rank`, `cwp_blogcat`.`depth`, `cwp_blogcat`.`ctime` FROM `cwp_blogcat`
[Sat, 06 Jun 15 15:25:55 +0800][INFO] SELECT IF(COUNT(*)>0, 1 , 0) FROM `INFORMATION_SCHEMA`.`TABLES` WHERE `TABLE_NAME`='cwp_blog'
[Sat, 06 Jun 15 15:25:55 +0800][INFO] DESCRIBE `cwp_blog`
[Sat, 06 Jun 15 15:25:55 +0800][INFO] SELECT `cwp_blog`.`id`, `cwp_blog`.`category_id`, `cwp_blog`.`user_id`, `cwp_blog`.`title`, `cwp_blog`.`guide`, `cwp_blog`.`cover`, `cwp_blog`.`content`, `cwp_blog`.`keywords`, `cwp_blog`.`description`, `cwp_blog`.`ctime`, `cwp_blog`.`updatetime`, `cwp_blog`.`hits` FROM `cwp_blog`
[Sat, 06 Jun 15 15:25:55 +0800][INFO] SELECT `cwp_blogcat`.`id`, `cwp_blogcat`.`pid`, `cwp_blogcat`.`name`, `cwp_blogcat`.`rank`, `cwp_blogcat`.`depth`, `cwp_blogcat`.`ctime` FROM `cwp_blogcat` WHERE `cwp_blogcat`.`id` = :0 LIMIT 1
[Sat, 06 Jun 15 15:25:55 +0800][INFO] SELECT `cwp_blogcat`.`id`, `cwp_blogcat`.`pid`, `cwp_blogcat`.`name`, `cwp_blogcat`.`rank`, `cwp_blogcat`.`depth`, `cwp_blogcat`.`ctime` FROM `cwp_blogcat` WHERE `cwp_blogcat`.`id` = :0 LIMIT 1
[Sat, 06 Jun 15 15:25:55 +0800][INFO] SELECT `cwp_blogcat`.`id`, `cwp_blogcat`.`pid`, `cwp_blogcat`.`name`, `cwp_blogcat`.`rank`, `cwp_blogcat`.`depth`, `cwp_blogcat`.`ctime` FROM `cwp_blogcat` WHERE `cwp_blogcat`.`id` = :0 LIMIT 1
[Sat, 06 Jun 15 15:25:55 +0800][INFO] SELECT `cwp_blogcat`.`id`, `cwp_blogcat`.`pid`, `cwp_blogcat`.`name`, `cwp_blogcat`.`rank`, `cwp_blogcat`.`depth`, `cwp_blogcat`.`ctime` FROM `cwp_blogcat` WHERE `cwp_blogcat`.`id` = :0 LIMIT 1
[Sat, 06 Jun 15 15:25:55 +0800][INFO] SELECT `cwp_blogcat`.`id`, `cwp_blogcat`.`pid`, `cwp_blogcat`.`name`, `cwp_blogcat`.`rank`, `cwp_blogcat`.`depth`, `cwp_blogcat`.`ctime` FROM `cwp_blogcat` WHERE `cwp_blogcat`.`id` = :0 LIMIT 1
[Sat, 06 Jun 15 15:25:55 +0800][INFO] SELECT `cwp_blogcat`.`id`, `cwp_blogcat`.`pid`, `cwp_blogcat`.`name`, `cwp_blogcat`.`rank`, `cwp_blogcat`.`depth`, `cwp_blogcat`.`ctime` FROM `cwp_blogcat` WHERE `cwp_blogcat`.`id` = :0 LIMIT 1
[Sat, 06 Jun 15 15:25:55 +0800][INFO] SELECT `cwp_blogcat`.`id`, `cwp_blogcat`.`pid`, `cwp_blogcat`.`name`, `cwp_blogcat`.`rank`, `cwp_blogcat`.`depth`, `cwp_blogcat`.`ctime` FROM `cwp_blogcat` WHERE `cwp_blogcat`.`id` = :0 LIMIT 1
[Sat, 06 Jun 15 15:25:55 +0800][INFO] SELECT `cwp_blogcat`.`id`, `cwp_blogcat`.`pid`, `cwp_blogcat`.`name`, `cwp_blogcat`.`rank`, `cwp_blogcat`.`depth`, `cwp_blogcat`.`ctime` FROM `cwp_blogcat` WHERE `cwp_blogcat`.`id` = :0 LIMIT 1
[Sat, 06 Jun 15 15:25:55 +0800][INFO] SELECT `cwp_blogcat`.`id`, `cwp_blogcat`.`pid`, `cwp_blogcat`.`name`, `cwp_blogcat`.`rank`, `cwp_blogcat`.`depth`, `cwp_blogcat`.`ctime` FROM `cwp_blogcat` WHERE `cwp_blogcat`.`id` = :0 LIMIT 1
[Sat, 06 Jun 15 15:25:55 +0800][INFO] SELECT `cwp_blogcat`.`id`, `cwp_blogcat`.`pid`, `cwp_blogcat`.`name`, `cwp_blogcat`.`rank`, `cwp_blogcat`.`depth`, `cwp_blogcat`.`ctime` FROM `cwp_blogcat` WHERE `cwp_blogcat`.`id` = :0 LIMIT 1
[Sat, 06 Jun 15 15:25:55 +0800][INFO] SELECT `cwp_blogcat`.`id`, `cwp_blogcat`.`pid`, `cwp_blogcat`.`name`, `cwp_blogcat`.`rank`, `cwp_blogcat`.`depth`, `cwp_blogcat`.`ctime` FROM `cwp_blogcat` WHERE `cwp_blogcat`.`id` = :0 LIMIT 1
[Sat, 06 Jun 15 15:25:55 +0800][INFO] SELECT `cwp_blogcat`.`id`, `cwp_blogcat`.`pid`, `cwp_blogcat`.`name`, `cwp_blogcat`.`rank`, `cwp_blogcat`.`depth`, `cwp_blogcat`.`ctime` FROM `cwp_blogcat` WHERE `cwp_blogcat`.`id` = :0 LIMIT 1
[Sat, 06 Jun 15 15:25:55 +0800][INFO] SELECT `cwp_blogcat`.`id`, `cwp_blogcat`.`pid`, `cwp_blogcat`.`name`, `cwp_blogcat`.`rank`, `cwp_blogcat`.`depth`, `cwp_blogcat`.`ctime` FROM `cwp_blogcat` WHERE `cwp_blogcat`.`id` = :0 LIMIT 1
[Sat, 06 Jun 15 15:25:55 +0800][INFO] SELECT `cwp_blogcat`.`id`, `cwp_blogcat`.`pid`, `cwp_blogcat`.`name`, `cwp_blogcat`.`rank`, `cwp_blogcat`.`depth`, `cwp_blogcat`.`ctime` FROM `cwp_blogcat` WHERE `cwp_blogcat`.`id` = :0 LIMIT 1
[Sat, 06 Jun 15 15:25:55 +0800][INFO] SELECT `cwp_blogcat`.`id`, `cwp_blogcat`.`pid`, `cwp_blogcat`.`name`, `cwp_blogcat`.`rank`, `cwp_blogcat`.`depth`, `cwp_blogcat`.`ctime` FROM `cwp_blogcat` WHERE `cwp_blogcat`.`id` = :0 LIMIT 1
[Sat, 06 Jun 15 15:25:55 +0800][INFO] SELECT `cwp_blogcat`.`id`, `cwp_blogcat`.`pid`, `cwp_blogcat`.`name`, `cwp_blogcat`.`rank`, `cwp_blogcat`.`depth`, `cwp_blogcat`.`ctime` FROM `cwp_blogcat` WHERE `cwp_blogcat`.`id` = :0 LIMIT 1
[Sat, 06 Jun 15 15:25:55 +0800][INFO] SELECT `cwp_blogcat`.`id`, `cwp_blogcat`.`pid`, `cwp_blogcat`.`name`, `cwp_blogcat`.`rank`, `cwp_blogcat`.`depth`, `cwp_blogcat`.`ctime` FROM `cwp_blogcat` WHERE `cwp_blogcat`.`id` = :0 LIMIT 1
[Sat, 06 Jun 15 15:25:55 +0800][INFO] SELECT `cwp_blogcat`.`id`, `cwp_blogcat`.`pid`, `cwp_blogcat`.`name`, `cwp_blogcat`.`rank`, `cwp_blogcat`.`depth`, `cwp_blogcat`.`ctime` FROM `cwp_blogcat` WHERE `cwp_blogcat`.`id` = :0 LIMIT 1
[Sat, 06 Jun 15 15:25:55 +0800][INFO] SELECT `cwp_blogcat`.`id`, `cwp_blogcat`.`pid`, `cwp_blogcat`.`name`, `cwp_blogcat`.`rank`, `cwp_blogcat`.`depth`, `cwp_blogcat`.`ctime` FROM `cwp_blogcat` WHERE `cwp_blogcat`.`id` = :0 LIMIT 1
[Sat, 06 Jun 15 15:25:55 +0800][INFO] SELECT `cwp_blogcat`.`id`, `cwp_blogcat`.`pid`, `cwp_blogcat`.`name`, `cwp_blogcat`.`rank`, `cwp_blogcat`.`depth`, `cwp_blogcat`.`ctime` FROM `cwp_blogcat` WHERE `cwp_blogcat`.`id` = :0 LIMIT 1
[Sat, 06 Jun 15 15:25:55 +0800][INFO] SELECT `cwp_blogcat`.`id`, `cwp_blogcat`.`pid`, `cwp_blogcat`.`name`, `cwp_blogcat`.`rank`, `cwp_blogcat`.`depth`, `cwp_blogcat`.`ctime` FROM `cwp_blogcat` WHERE `cwp_blogcat`.`id` = :0 LIMIT 1
[Sat, 06 Jun 15 15:25:55 +0800][INFO] SELECT `cwp_blogcat`.`id`, `cwp_blogcat`.`pid`, `cwp_blogcat`.`name`, `cwp_blogcat`.`rank`, `cwp_blogcat`.`depth`, `cwp_blogcat`.`ctime` FROM `cwp_blogcat` WHERE `cwp_blogcat`.`id` = :0 LIMIT 1
[Sat, 06 Jun 15 15:25:55 +0800][INFO] SELECT `cwp_blogcat`.`id`, `cwp_blogcat`.`pid`, `cwp_blogcat`.`name`, `cwp_blogcat`.`rank`, `cwp_blogcat`.`depth`, `cwp_blogcat`.`ctime` FROM `cwp_blogcat` WHERE `cwp_blogcat`.`id` = :0 LIMIT 1
[Sat, 06 Jun 15 15:25:56 +0800][INFO] SELECT `cwp_blogcat`.`id`, `cwp_blogcat`.`pid`, `cwp_blogcat`.`name`, `cwp_blogcat`.`rank`, `cwp_blogcat`.`depth`, `cwp_blogcat`.`ctime` FROM `cwp_blogcat` WHERE `cwp_blogcat`.`id` = :0 LIMIT 1
[Sat, 06 Jun 15 15:25:56 +0800][INFO] SELECT `cwp_blogcat`.`id`, `cwp_blogcat`.`pid`, `cwp_blogcat`.`name`, `cwp_blogcat`.`rank`, `cwp_blogcat`.`depth`, `cwp_blogcat`.`ctime` FROM `cwp_blogcat` WHERE `cwp_blogcat`.`id` = :0 LIMIT 1
[Sat, 06 Jun 15 15:25:56 +0800][INFO] SELECT `cwp_blogcat`.`id`, `cwp_blogcat`.`pid`, `cwp_blogcat`.`name`, `cwp_blogcat`.`rank`, `cwp_blogcat`.`depth`, `cwp_blogcat`.`ctime` FROM `cwp_blogcat` WHERE `cwp_blogcat`.`id` = :0 LIMIT 1
[Sat, 06 Jun 15 15:25:56 +0800][INFO] SELECT `cwp_blogcat`.`id`, `cwp_blogcat`.`pid`, `cwp_blogcat`.`name`, `cwp_blogcat`.`rank`, `cwp_blogcat`.`depth`, `cwp_blogcat`.`ctime` FROM `cwp_blogcat` WHERE `cwp_blogcat`.`id` = :0 LIMIT 1
[Sat, 06 Jun 15 15:25:56 +0800][INFO] SELECT `cwp_blogcat`.`id`, `cwp_blogcat`.`pid`, `cwp_blogcat`.`name`, `cwp_blogcat`.`rank`, `cwp_blogcat`.`depth`, `cwp_blogcat`.`ctime` FROM `cwp_blogcat` WHERE `cwp_blogcat`.`id` = :0 LIMIT 1
[Sat, 06 Jun 15 15:25:56 +0800][INFO] SELECT `cwp_blogcat`.`id`, `cwp_blogcat`.`pid`, `cwp_blogcat`.`name`, `cwp_blogcat`.`rank`, `cwp_blogcat`.`depth`, `cwp_blogcat`.`ctime` FROM `cwp_blogcat` WHERE `cwp_blogcat`.`id` = :0 LIMIT 1
[Sat, 06 Jun 15 15:25:56 +0800][INFO] SELECT `cwp_blogcat`.`id`, `cwp_blogcat`.`pid`, `cwp_blogcat`.`name`, `cwp_blogcat`.`rank`, `cwp_blogcat`.`depth`, `cwp_blogcat`.`ctime` FROM `cwp_blogcat` WHERE `cwp_blogcat`.`id` = :0 LIMIT 1
[Sat, 06 Jun 15 15:25:56 +0800][INFO] SELECT `cwp_blogcat`.`id`, `cwp_blogcat`.`pid`, `cwp_blogcat`.`name`, `cwp_blogcat`.`rank`, `cwp_blogcat`.`depth`, `cwp_blogcat`.`ctime` FROM `cwp_blogcat` WHERE `cwp_blogcat`.`id` = :0 LIMIT 1
[Sat, 06 Jun 15 15:25:56 +0800][INFO] SELECT `cwp_blogcat`.`id`, `cwp_blogcat`.`pid`, `cwp_blogcat`.`name`, `cwp_blogcat`.`rank`, `cwp_blogcat`.`depth`, `cwp_blogcat`.`ctime` FROM `cwp_blogcat` WHERE `cwp_blogcat`.`id` = :0 LIMIT 1
[Sat, 06 Jun 15 15:25:56 +0800][INFO] SELECT `cwp_blogcat`.`id`, `cwp_blogcat`.`pid`, `cwp_blogcat`.`name`, `cwp_blogcat`.`rank`, `cwp_blogcat`.`depth`, `cwp_blogcat`.`ctime` FROM `cwp_blogcat` WHERE `cwp_blogcat`.`id` = :0 LIMIT 1
[Sat, 06 Jun 15 15:25:56 +0800][INFO] SELECT `cwp_blogcat`.`id`, `cwp_blogcat`.`pid`, `cwp_blogcat`.`name`, `cwp_blogcat`.`rank`, `cwp_blogcat`.`depth`, `cwp_blogcat`.`ctime` FROM `cwp_blogcat` WHERE `cwp_blogcat`.`id` = :0 LIMIT 1
[Sat, 06 Jun 15 15:25:56 +0800][INFO] SELECT `cwp_blogcat`.`id`, `cwp_blogcat`.`pid`, `cwp_blogcat`.`name`, `cwp_blogcat`.`rank`, `cwp_blogcat`.`depth`, `cwp_blogcat`.`ctime` FROM `cwp_blogcat` WHERE `cwp_blogcat`.`id` = :0 LIMIT 1
[Sat, 06 Jun 15 15:25:56 +0800][INFO] SELECT `cwp_blogcat`.`id`, `cwp_blogcat`.`pid`, `cwp_blogcat`.`name`, `cwp_blogcat`.`rank`, `cwp_blogcat`.`depth`, `cwp_blogcat`.`ctime` FROM `cwp_blogcat` WHERE `cwp_blogcat`.`id` = :0 LIMIT 1
[Sat, 06 Jun 15 15:25:56 +0800][INFO] SELECT `cwp_blogcat`.`id`, `cwp_blogcat`.`pid`, `cwp_blogcat`.`name`, `cwp_blogcat`.`rank`, `cwp_blogcat`.`depth`, `cwp_blogcat`.`ctime` FROM `cwp_blogcat` WHERE `cwp_blogcat`.`id` = :0 LIMIT 1
[Sat, 06 Jun 15 15:25:56 +0800][INFO] SELECT `cwp_blogcat`.`id`, `cwp_blogcat`.`pid`, `cwp_blogcat`.`name`, `cwp_blogcat`.`rank`, `cwp_blogcat`.`depth`, `cwp_blogcat`.`ctime` FROM `cwp_blogcat` WHERE `cwp_blogcat`.`id` = :0 LIMIT 1
[Sat, 06 Jun 15 15:25:56 +0800][INFO] SELECT `cwp_blogcat`.`id`, `cwp_blogcat`.`pid`, `cwp_blogcat`.`name`, `cwp_blogcat`.`rank`, `cwp_blogcat`.`depth`, `cwp_blogcat`.`ctime` FROM `cwp_blogcat` WHERE `cwp_blogcat`.`id` = :0 LIMIT 1
[Sat, 06 Jun 15 15:25:56 +0800][INFO] SELECT `cwp_blogcat`.`id`, `cwp_blogcat`.`pid`, `cwp_blogcat`.`name`, `cwp_blogcat`.`rank`, `cwp_blogcat`.`depth`, `cwp_blogcat`.`ctime` FROM `cwp_blogcat` WHERE `cwp_blogcat`.`id` = :0 LIMIT 1
[Sat, 06 Jun 15 15:25:56 +0800][INFO] SELECT `cwp_blogcat`.`id`, `cwp_blogcat`.`pid`, `cwp_blogcat`.`name`, `cwp_blogcat`.`rank`, `cwp_blogcat`.`depth`, `cwp_blogcat`.`ctime` FROM `cwp_blogcat` WHERE `cwp_blogcat`.`id` = :0 LIMIT 1
[Sat, 06 Jun 15 15:25:56 +0800][INFO] SELECT `cwp_blogcat`.`id`, `cwp_blogcat`.`pid`, `cwp_blogcat`.`name`, `cwp_blogcat`.`rank`, `cwp_blogcat`.`depth`, `cwp_blogcat`.`ctime` FROM `cwp_blogcat` WHERE `cwp_blogcat`.`id` = :0 LIMIT 1
[Sat, 06 Jun 15 15:25:56 +0800][INFO] SELECT `cwp_blogcat`.`id`, `cwp_blogcat`.`pid`, `cwp_blogcat`.`name`, `cwp_blogcat`.`rank`, `cwp_blogcat`.`depth`, `cwp_blogcat`.`ctime` FROM `cwp_blogcat` WHERE `cwp_blogcat`.`id` = :0 LIMIT 1
[Sat, 06 Jun 15 15:25:56 +0800][INFO] SELECT `cwp_blogcat`.`id`, `cwp_blogcat`.`pid`, `cwp_blogcat`.`name`, `cwp_blogcat`.`rank`, `cwp_blogcat`.`depth`, `cwp_blogcat`.`ctime` FROM `cwp_blogcat` WHERE `cwp_blogcat`.`id` = :0 LIMIT 1
[Sat, 06 Jun 15 15:25:56 +0800][INFO] SELECT `cwp_blogcat`.`id`, `cwp_blogcat`.`pid`, `cwp_blogcat`.`name`, `cwp_blogcat`.`rank`, `cwp_blogcat`.`depth`, `cwp_blogcat`.`ctime` FROM `cwp_blogcat` WHERE `cwp_blogcat`.`id` = :0 LIMIT 1
[Sat, 06 Jun 15 15:25:56 +0800][INFO] SELECT `cwp_blogcat`.`id`, `cwp_blogcat`.`pid`, `cwp_blogcat`.`name`, `cwp_blogcat`.`rank`, `cwp_blogcat`.`depth`, `cwp_blogcat`.`ctime` FROM `cwp_blogcat` WHERE `cwp_blogcat`.`id` = :0 LIMIT 1
[Sat, 06 Jun 15 15:25:56 +0800][INFO] SELECT `cwp_blogcat`.`id`, `cwp_blogcat`.`pid`, `cwp_blogcat`.`name`, `cwp_blogcat`.`rank`, `cwp_blogcat`.`depth`, `cwp_blogcat`.`ctime` FROM `cwp_blogcat` WHERE `cwp_blogcat`.`id` = :0 LIMIT 1
[Sat, 06 Jun 15 15:25:56 +0800][INFO] SELECT `cwp_blogcat`.`id`, `cwp_blogcat`.`pid`, `cwp_blogcat`.`name`, `cwp_blogcat`.`rank`, `cwp_blogcat`.`depth`, `cwp_blogcat`.`ctime` FROM `cwp_blogcat` WHERE `cwp_blogcat`.`id` = :0 LIMIT 1
[Sat, 06 Jun 15 15:25:56 +0800][INFO] SELECT `cwp_blogcat`.`id`, `cwp_blogcat`.`pid`, `cwp_blogcat`.`name`, `cwp_blogcat`.`rank`, `cwp_blogcat`.`depth`, `cwp_blogcat`.`ctime` FROM `cwp_blogcat` WHERE `cwp_blogcat`.`id` = :0 LIMIT 1
[Sat, 06 Jun 15 15:25:56 +0800][INFO] SELECT `cwp_blogcat`.`id`, `cwp_blogcat`.`pid`, `cwp_blogcat`.`name`, `cwp_blogcat`.`rank`, `cwp_blogcat`.`depth`, `cwp_blogcat`.`ctime` FROM `cwp_blogcat` WHERE `cwp_blogcat`.`id` = :0 LIMIT 1
[Sat, 06 Jun 15 15:25:56 +0800][INFO] SELECT `cwp_blogcat`.`id`, `cwp_blogcat`.`pid`, `cwp_blogcat`.`name`, `cwp_blogcat`.`rank`, `cwp_blogcat`.`depth`, `cwp_blogcat`.`ctime` FROM `cwp_blogcat` WHERE `cwp_blogcat`.`id` = :0 LIMIT 1
[Sat, 06 Jun 15 15:25:56 +0800][INFO] SELECT `cwp_blogcat`.`id`, `cwp_blogcat`.`pid`, `cwp_blogcat`.`name`, `cwp_blogcat`.`rank`, `cwp_blogcat`.`depth`, `cwp_blogcat`.`ctime` FROM `cwp_blogcat` WHERE `cwp_blogcat`.`id` = :0 LIMIT 1
[Sat, 06 Jun 15 15:25:56 +0800][INFO] SELECT `cwp_blogcat`.`id`, `cwp_blogcat`.`pid`, `cwp_blogcat`.`name`, `cwp_blogcat`.`rank`, `cwp_blogcat`.`depth`, `cwp_blogcat`.`ctime` FROM `cwp_blogcat` WHERE `cwp_blogcat`.`id` = :0 LIMIT 1
[Sat, 06 Jun 15 15:25:56 +0800][INFO] SELECT `cwp_blogcat`.`id`, `cwp_blogcat`.`pid`, `cwp_blogcat`.`name`, `cwp_blogcat`.`rank`, `cwp_blogcat`.`depth`, `cwp_blogcat`.`ctime` FROM `cwp_blogcat` WHERE `cwp_blogcat`.`id` = :0 LIMIT 1
[Sat, 06 Jun 15 15:25:56 +0800][INFO] SELECT `cwp_blogcat`.`id`, `cwp_blogcat`.`pid`, `cwp_blogcat`.`name`, `cwp_blogcat`.`rank`, `cwp_blogcat`.`depth`, `cwp_blogcat`.`ctime` FROM `cwp_blogcat` WHERE `cwp_blogcat`.`id` = :0 LIMIT 1
[Sat, 06 Jun 15 15:25:56 +0800][INFO] SELECT `cwp_blogcat`.`id`, `cwp_blogcat`.`pid`, `cwp_blogcat`.`name`, `cwp_blogcat`.`rank`, `cwp_blogcat`.`depth`, `cwp_blogcat`.`ctime` FROM `cwp_blogcat` WHERE `cwp_blogcat`.`id` = :0 LIMIT 1
[Sat, 06 Jun 15 15:26:19 +0800][INFO] SELECT IF(COUNT(*)>0, 1 , 0) FROM `INFORMATION_SCHEMA`.`TABLES` WHERE `TABLE_NAME`='cwp_blog'
[Sat, 06 Jun 15 15:26:19 +0800][INFO] DESCRIBE `cwp_blog`
[Sat, 06 Jun 15 15:26:19 +0800][INFO] SELECT `cwp_blog`.`id`, `cwp_blog`.`category_id`, `cwp_blog`.`user_id`, `cwp_blog`.`title`, `cwp_blog`.`guide`, `cwp_blog`.`cover`, `cwp_blog`.`content`, `cwp_blog`.`keywords`, `cwp_blog`.`description`, `cwp_blog`.`ctime`, `cwp_blog`.`updatetime`, `cwp_blog`.`hits` FROM `cwp_blog` WHERE `cwp_blog`.`id` = 7 LIMIT 1
[Sat, 06 Jun 15 15:26:20 +0800][INFO] UPDATE `cwp_blog` SET `category_id` = ?, `user_id` = ?, `title` = ?, `guide` = ?, `cover` = ?, `content` = ?, `keywords` = ?, `description` = ?, `ctime` = ?, `updatetime` = null, `hits` = ? WHERE `id` = ?
[Sat, 06 Jun 15 15:26:20 +0800][INFO] SELECT IF(COUNT(*)>0, 1 , 0) FROM `INFORMATION_SCHEMA`.`TABLES` WHERE `TABLE_NAME`='cwp_user'
[Sat, 06 Jun 15 15:26:20 +0800][INFO] DESCRIBE `cwp_user`
[Sat, 06 Jun 15 15:26:20 +0800][INFO] SELECT `cwp_user`.`id`, `cwp_user`.`username`, `cwp_user`.`username_canonical`, `cwp_user`.`email`, `cwp_user`.`email_canonical`, `cwp_user`.`enabled`, `cwp_user`.`salt`, `cwp_user`.`password`, `cwp_user`.`last_login`, `cwp_user`.`locked`, `cwp_user`.`expired`, `cwp_user`.`expires_at`, `cwp_user`.`confirmation_token`, `cwp_user`.`password_requested_at`, `cwp_user`.`roles`, `cwp_user`.`credentials_expired`, `cwp_user`.`credentials_expire_at` FROM `cwp_user` WHERE `cwp_user`.`id` = :0 LIMIT 1
[Sat, 06 Jun 15 15:26:20 +0800][INFO] SELECT IF(COUNT(*)>0, 1 , 0) FROM `INFORMATION_SCHEMA`.`TABLES` WHERE `TABLE_NAME`='cwp_blogcat'
[Sat, 06 Jun 15 15:26:20 +0800][INFO] DESCRIBE `cwp_blogcat`
[Sat, 06 Jun 15 15:26:20 +0800][INFO] SELECT `cwp_blogcat`.`id`, `cwp_blogcat`.`pid`, `cwp_blogcat`.`name`, `cwp_blogcat`.`rank`, `cwp_blogcat`.`depth`, `cwp_blogcat`.`ctime` FROM `cwp_blogcat` WHERE `cwp_blogcat`.`id` = :0 LIMIT 1
[Sat, 06 Jun 15 15:26:20 +0800][INFO] SELECT `cwp_blogcat`.`id` AS `id`, `cwp_blogcat`.`name` AS `name`, sum(1) AS `num` FROM `cwp_blogcat` LEFT JOIN `cwp_blog` ON `cwp_blogcat`.`id` = `cwp_blog`.`category_id`  GROUP BY `cwp_blogcat`.`name`
